voiceassistant/android/app/build/intermediates/manifest_merge_blame_file/release/processReleaseMainManifest/manifest-merger-blame-release-report.txt
1<?xml version="1.0" encoding="utf-8"?>
2<manifest xmlns:android="http://schemas.android.com/apk/res/android"
3    package="com.voiceassistant"
4    android:versionCode="1"
5    android:versionName="1.0" >
6
7    <uses-sdk
8        android:minSdkVersion="24"
9        android:targetSdkVersion="34" />
10
11    <uses-permission android:name="android.permission.INTERNET" />
11-->src\main\AndroidManifest.xml:3:5-67
11-->src\main\AndroidManifest.xml:3:22-64
12    <uses-permission android:name="android.permission.ACCESS_NETWORK_STATE" />
12-->[:livekit_react-native] AndroidManifest.xml:8:5-79
12-->[:livekit_react-native] AndroidManifest.xml:8:22-76
13    <uses-permission android:name="android.permission.CAMERA" />
13-->[:livekit_react-native] AndroidManifest.xml:9:5-65
13-->[:livekit_react-native] AndroidManifest.xml:9:22-62
14    <uses-permission android:name="android.permission.MODIFY_AUDIO_SETTINGS" />
14-->[:livekit_react-native] AndroidManifest.xml:10:5-80
14-->[:livekit_react-native] AndroidManifest.xml:10:22-77
15    <uses-permission android:name="android.permission.RECORD_AUDIO" />
15-->[:livekit_react-native] AndroidManifest.xml:11:5-71
15-->[:livekit_react-native] AndroidManifest.xml:11:22-68
16    <uses-permission android:name="android.permission.SYSTEM_ALERT_WINDOW" />
16-->[:livekit_react-native] AndroidManifest.xml:12:5-78
16-->[:livekit_react-native] AndroidManifest.xml:12:22-75
17    <uses-permission android:name="android.permission.WAKE_LOCK" />
17-->[:livekit_react-native] AndroidManifest.xml:13:5-68
17-->[:livekit_react-native] AndroidManifest.xml:13:22-65
18    <uses-permission
18-->[:livekit_react-native] AndroidManifest.xml:14:5-68
19        android:name="android.permission.BLUETOOTH"
19-->[:livekit_react-native] AndroidManifest.xml:14:22-65
20        android:maxSdkVersion="30" />
20-->[com.github.davidliu:audioswitch:89582c47c9a04c62f90aa5e57251af4800a62c9a] AndroidManifest.xml:11:9-35
21    <uses-permission android:name="android.permission.BLUETOOTH_ADMIN" />
21-->[:livekit_react-native] AndroidManifest.xml:15:5-74
21-->[:livekit_react-native] AndroidManifest.xml:15:22-71
22    <uses-permission android:name="android.permission.FOREGROUND_SERVICE" />
22-->[:livekit_react-native] AndroidManifest.xml:16:5-77
22-->[:livekit_react-native] AndroidManifest.xml:16:22-74
23
24    <permission
24-->[androidx.core:core:1.9.0] AndroidManifest.xml:22:5-24:47
25        android:name="com.voiceassistant.DYNAMIC_RECEIVER_NOT_EXPORTED_PERMISSION"
25-->[androidx.core:core:1.9.0] AndroidManifest.xml:23:9-81
26        android:protectionLevel="signature" />
26-->[androidx.core:core:1.9.0] AndroidManifest.xml:24:9-44
27
28    <uses-permission android:name="com.voiceassistant.DYNAMIC_RECEIVER_NOT_EXPORTED_PERMISSION" />
28-->[androidx.core:core:1.9.0] AndroidManifest.xml:26:5-97
28-->[androidx.core:core:1.9.0] AndroidManifest.xml:26:22-94
29
30    <application
30-->src\main\AndroidManifest.xml:5:5-25:19
31        android:name="com.voiceassistant.MainApplication"
31-->src\main\AndroidManifest.xml:6:7-38
32        android:allowBackup="false"
32-->src\main\AndroidManifest.xml:10:7-34
33        android:appComponentFactory="androidx.core.app.CoreComponentFactory"
33-->[androidx.core:core:1.9.0] AndroidManifest.xml:28:18-86
34        android:extractNativeLibs="false"
35        android:icon="@mipmap/ic_launcher"
35-->src\main\AndroidManifest.xml:8:7-41
36        android:label="@string/app_name"
36-->src\main\AndroidManifest.xml:7:7-39
37        android:roundIcon="@mipmap/ic_launcher_round"
37-->src\main\AndroidManifest.xml:9:7-52
38        android:supportsRtl="true"
38-->src\main\AndroidManifest.xml:12:7-33
39        android:theme="@style/AppTheme" >
39-->src\main\AndroidManifest.xml:11:7-38
40        <activity
40-->src\main\AndroidManifest.xml:13:7-24:18
41            android:name="com.voiceassistant.MainActivity"
41-->src\main\AndroidManifest.xml:14:9-37
42            android:configChanges="keyboard|keyboardHidden|orientation|screenLayout|screenSize|smallestScreenSize|uiMode"
42-->src\main\AndroidManifest.xml:16:9-118
43            android:exported="true"
43-->src\main\AndroidManifest.xml:19:9-32
44            android:label="@string/app_name"
44-->src\main\AndroidManifest.xml:15:9-41
45            android:launchMode="singleTask"
45-->src\main\AndroidManifest.xml:17:9-40
46            android:windowSoftInputMode="adjustResize" >
46-->src\main\AndroidManifest.xml:18:9-51
47            <intent-filter>
47-->src\main\AndroidManifest.xml:20:9-23:25
48                <action android:name="android.intent.action.MAIN" />
48-->src\main\AndroidManifest.xml:21:13-65
48-->src\main\AndroidManifest.xml:21:21-62
49
50                <category android:name="android.intent.category.LAUNCHER" />
50-->src\main\AndroidManifest.xml:22:13-73
50-->src\main\AndroidManifest.xml:22:23-70
51            </intent-filter>
52        </activity>
53
54        <service
54-->[:livekit_react-native-webrtc] AndroidManifest.xml:9:9-12:19
55            android:name="com.oney.WebRTCModule.MediaProjectionService"
55-->[:livekit_react-native-webrtc] AndroidManifest.xml:10:13-72
56            android:foregroundServiceType="mediaProjection" >
56-->[:livekit_react-native-webrtc] AndroidManifest.xml:11:13-60
57        </service>
58
59        <provider
59-->[androidx.emoji2:emoji2:1.2.0] AndroidManifest.xml:24:9-32:20
60            android:name="androidx.startup.InitializationProvider"
60-->[androidx.emoji2:emoji2:1.2.0] AndroidManifest.xml:25:13-67
61            android:authorities="com.voiceassistant.androidx-startup"
61-->[androidx.emoji2:emoji2:1.2.0] AndroidManifest.xml:26:13-68
62            android:exported="false" >
62-->[androidx.emoji2:emoji2:1.2.0] AndroidManifest.xml:27:13-37
63            <meta-data
63-->[androidx.emoji2:emoji2:1.2.0] AndroidManifest.xml:29:13-31:52
64                android:name="androidx.emoji2.text.EmojiCompatInitializer"
64-->[androidx.emoji2:emoji2:1.2.0] AndroidManifest.xml:30:17-75
65                android:value="androidx.startup" />
65-->[androidx.emoji2:emoji2:1.2.0] AndroidManifest.xml:31:17-49
66            <meta-data
66-->[androidx.lifecycle:lifecycle-process:2.4.1] AndroidManifest.xml:31:13-33:52
67                android:name="androidx.lifecycle.ProcessLifecycleInitializer"
67-->[androidx.lifecycle:lifecycle-process:2.4.1] AndroidManifest.xml:32:17-78
68                android:value="androidx.startup" />
68-->[androidx.lifecycle:lifecycle-process:2.4.1] AndroidManifest.xml:33:17-49
69        </provider>
70
71        <meta-data
71-->[com.facebook.soloader:soloader:0.11.0] AndroidManifest.xml:12:9-14:37
72            android:name="com.facebook.soloader.enabled"
72-->[com.facebook.soloader:soloader:0.11.0] AndroidManifest.xml:13:13-57
73            android:value="false" />
73-->[com.facebook.soloader:soloader:0.11.0] AndroidManifest.xml:14:13-34
74    </application>
75
76</manifest>